0 info it worked if it ends with ok
1 verbose cli [ '/usr/bin/nodejs',
1 verbose cli   '/usr/bin/npm',
1 verbose cli   'install',
1 verbose cli   '-g',
1 verbose cli   'protractor' ]
2 info using npm@1.3.10
3 info using node@v0.10.25
4 verbose cache add [ 'protractor', null ]
5 verbose cache add name=undefined spec="protractor" args=["protractor",null]
6 verbose parsed url { protocol: null,
6 verbose parsed url   slashes: null,
6 verbose parsed url   auth: null,
6 verbose parsed url   host: null,
6 verbose parsed url   port: null,
6 verbose parsed url   hostname: null,
6 verbose parsed url   hash: null,
6 verbose parsed url   search: null,
6 verbose parsed url   query: null,
6 verbose parsed url   pathname: 'protractor',
6 verbose parsed url   path: 'protractor',
6 verbose parsed url   href: 'protractor' }
7 silly lockFile 4f4f4858-protractor protractor
8 verbose lock protractor /home/teonapster/.npm/4f4f4858-protractor.lock
9 silly lockFile 4f4f4858-protractor protractor
10 silly lockFile 4f4f4858-protractor protractor
11 verbose addNamed [ 'protractor', '' ]
12 verbose addNamed [ null, '*' ]
13 silly lockFile 80d5ca5a-protractor protractor@
14 verbose lock protractor@ /home/teonapster/.npm/80d5ca5a-protractor.lock
15 silly addNameRange { name: 'protractor', range: '*', hasData: false }
16 verbose url raw protractor
17 verbose url resolving [ 'https://registry.npmjs.org/', './protractor' ]
18 verbose url resolved https://registry.npmjs.org/protractor
19 info trying registry request attempt 1 at 12:35:35
20 verbose etag "7DEV3CP2DX9YO8T0MSXQK9G0Y"
21 http GET https://registry.npmjs.org/protractor
22 http 200 https://registry.npmjs.org/protractor
23 silly registry.get cb [ 200,
23 silly registry.get   { date: 'Sat, 13 Dec 2014 10:35:37 GMT',
23 silly registry.get     server: 'CouchDB/1.5.0 (Erlang OTP/R16B03)',
23 silly registry.get     etag: '"CMAOZYVKJ4KL8EW4RKV5OLBRY"',
23 silly registry.get     'content-type': 'application/json',
23 silly registry.get     'cache-control': 'max-age=60',
23 silly registry.get     'content-length': '76864',
23 silly registry.get     'accept-ranges': 'bytes',
23 silly registry.get     via: '1.1 varnish',
23 silly registry.get     age: '0',
23 silly registry.get     'x-served-by': 'cache-lcy1131-LCY',
23 silly registry.get     'x-cache': 'HIT',
23 silly registry.get     'x-cache-hits': '1',
23 silly registry.get     'x-timer': 'S1418466937.332268,VS0,VE619',
23 silly registry.get     vary: 'Accept',
23 silly registry.get     'keep-alive': 'timeout=10, max=50',
23 silly registry.get     connection: 'Keep-Alive' } ]
24 silly addNameRange number 2 { name: 'protractor', range: '*', hasData: true }
25 silly addNameRange versions [ 'protractor',
25 silly addNameRange   [ '0.1.0',
25 silly addNameRange     '0.1.1',
25 silly addNameRange     '0.1.2',
25 silly addNameRange     '0.1.3',
25 silly addNameRange     '0.2.0',
25 silly addNameRange     '0.2.1',
25 silly addNameRange     '0.3.0',
25 silly addNameRange     '0.4.0',
25 silly addNameRange     '0.4.1',
25 silly addNameRange     '0.5.0',
25 silly addNameRange     '0.6.1',
25 silly addNameRange     '0.7.0',
25 silly addNameRange     '0.8.0',
25 silly addNameRange     '0.9.0',
25 silly addNameRange     '0.10.0',
25 silly addNameRange     '0.11.0',
25 silly addNameRange     '0.12.0',
25 silly addNameRange     '0.12.1',
25 silly addNameRange     '0.13.0',
25 silly addNameRange     '0.14.0',
25 silly addNameRange     '0.15.0',
25 silly addNameRange     '0.16.0',
25 silly addNameRange     '0.16.1',
25 silly addNameRange     '0.17.0',
25 silly addNameRange     '0.18.0',
25 silly addNameRange     '0.18.1',
25 silly addNameRange     '0.19.0',
25 silly addNameRange     '0.20.0',
25 silly addNameRange     '0.20.1',
25 silly addNameRange     '0.21.0',
25 silly addNameRange     '0.22.0',
25 silly addNameRange     '0.23.0',
25 silly addNameRange     '0.23.1',
25 silly addNameRange     '0.24.0',
25 silly addNameRange     '0.24.1',
25 silly addNameRange     '0.24.2',
25 silly addNameRange     '1.0.0-rc1',
25 silly addNameRange     '1.0.0-rc2',
25 silly addNameRange     '1.0.0-rc3',
25 silly addNameRange     '1.0.0-rc4',
25 silly addNameRange     '1.0.0-rc5',
25 silly addNameRange     '1.0.0-rc6',
25 silly addNameRange     '1.0.0',
25 silly addNameRange     '1.1.0',
25 silly addNameRange     '1.1.1',
25 silly addNameRange     '1.2.0-beta1',
25 silly addNameRange     '1.2.0',
25 silly addNameRange     '1.3.0',
25 silly addNameRange     '1.3.1',
25 silly addNameRange     '1.4.0',
25 silly addNameRange     '1.5.0' ] ]
26 verbose addNamed [ 'protractor', '1.5.0' ]
27 verbose addNamed [ '1.5.0', '1.5.0' ]
28 silly lockFile b10520a5-protractor-1-5-0 protractor@1.5.0
29 verbose lock protractor@1.5.0 /home/teonapster/.npm/b10520a5-protractor-1-5-0.lock
30 silly lockFile 04d238c3--protractor-protractor-1-5-0-tgz https://registry.npmjs.org/protractor/-/protractor-1.5.0.tgz
31 verbose lock https://registry.npmjs.org/protractor/-/protractor-1.5.0.tgz /home/teonapster/.npm/04d238c3--protractor-protractor-1-5-0-tgz.lock
32 verbose addRemoteTarball [ 'https://registry.npmjs.org/protractor/-/protractor-1.5.0.tgz',
32 verbose addRemoteTarball   'a49720621d46daadc21a84f09cad0b3dc179d6cd' ]
33 silly lockFile 04d238c3--protractor-protractor-1-5-0-tgz https://registry.npmjs.org/protractor/-/protractor-1.5.0.tgz
34 silly lockFile 04d238c3--protractor-protractor-1-5-0-tgz https://registry.npmjs.org/protractor/-/protractor-1.5.0.tgz
35 silly lockFile b10520a5-protractor-1-5-0 protractor@1.5.0
36 silly lockFile b10520a5-protractor-1-5-0 protractor@1.5.0
37 silly lockFile 80d5ca5a-protractor protractor@
38 silly lockFile 80d5ca5a-protractor protractor@
39 error Error: EACCES, mkdir '/home/teonapster/tmp/npm-21602-74Khn5US'
39 error  { [Error: EACCES, mkdir '/home/teonapster/tmp/npm-21602-74Khn5US']
39 error   errno: 3,
39 error   code: 'EACCES',
39 error   path: '/home/teonapster/tmp/npm-21602-74Khn5US' }
40 error Please try running this command again as root/Administrator.
41 error System Linux 3.13.0-32-generic
42 error command "/usr/bin/nodejs" "/usr/bin/npm" "install" "-g" "protractor"
43 error cwd /home/Data/exampleWorkspace/Eres/src/main/webapp/app
44 error node -v v0.10.25
45 error npm -v 1.3.10
46 error path /home/teonapster/tmp/npm-21602-74Khn5US
47 error code EACCES
48 error errno 3
49 error stack Error: EACCES, mkdir '/home/teonapster/tmp/npm-21602-74Khn5US'
50 verbose exit [ 3, true ]
